DEBUG - 2025-01-31 02:26:11 --> Session: Class initialized using 'CodeIgniter\Session\Handlers\FileHandler' driver.
CRITICAL - 2025-01-31 02:26:11 --> ErrorException: Attempt to read property "user_id" on null
[Method: GET, Route: pesanan-saya]
in APPPATH\Helpers\app_helper.php on line 9.
 1 APPPATH\Helpers\app_helper.php(9): CodeIgniter\Debug\Exceptions->errorHandler(2, 'Attempt to read property "user_id" on null', 'C:\\xampp_8\\htdocs\\futsal\\app\\Helpers\\app_helper.php', 9)
 2 APPPATH\Controllers\Home.php(69): pelanggan()
 3 SYSTEMPATH\CodeIgniter.php(933): App\Controllers\Home->pesananSaya()
 4 SYSTEMPATH\CodeIgniter.php(507): CodeIgniter\CodeIgniter->runController(Object(App\Controllers\Home))
 5 SYSTEMPATH\CodeIgniter.php(354): CodeIgniter\CodeIgniter->handleRequest(null, Object(Config\Cache), false)
 6 SYSTEMPATH\Boot.php(334): CodeIgniter\CodeIgniter->run()
 7 SYSTEMPATH\Boot.php(67): CodeIgniter\Boot::runCodeIgniter(Object(CodeIgniter\CodeIgniter))
 8 FCPATH\index.php(56): CodeIgniter\Boot::bootWeb(Object(Config\Paths))
DEBUG - 2025-01-31 02:26:21 --> Session: Class initialized using 'CodeIgniter\Session\Handlers\FileHandler' driver.
DEBUG - 2025-01-31 02:26:21 --> Session: Class initialized using 'CodeIgniter\Session\Handlers\FileHandler' driver.
DEBUG - 2025-01-31 02:26:22 --> Session: Class initialized using 'CodeIgniter\Session\Handlers\FileHandler' driver.
DEBUG - 2025-01-31 02:26:25 --> Session: Class initialized using 'CodeIgniter\Session\Handlers\FileHandler' driver.
DEBUG - 2025-01-31 02:26:53 --> Session: Class initialized using 'CodeIgniter\Session\Handlers\FileHandler' driver.
DEBUG - 2025-01-31 02:27:58 --> Session: Class initialized using 'CodeIgniter\Session\Handlers\FileHandler' driver.
DEBUG - 2025-01-31 03:28:49 --> Session: Class initialized using 'CodeIgniter\Session\Handlers\FileHandler' driver.
DEBUG - 2025-01-31 03:29:53 --> Session: Class initialized using 'CodeIgniter\Session\Handlers\FileHandler' driver.
DEBUG - 2025-01-31 03:29:56 --> Session: Class initialized using 'CodeIgniter\Session\Handlers\FileHandler' driver.
DEBUG - 2025-01-31 03:30:12 --> Session: Class initialized using 'CodeIgniter\Session\Handlers\FileHandler' driver.
DEBUG - 2025-01-31 03:30:48 --> Session: Class initialized using 'CodeIgniter\Session\Handlers\FileHandler' driver.
CRITICAL - 2025-01-31 03:30:48 --> ErrorException: foreach() argument must be of type array|object, null given
[Method: GET, Route: admin/transaksi]
in APPPATH\Views\admin\transaksi_index.php on line 47.
 1 APPPATH\Views\admin\transaksi_index.php(47): CodeIgniter\Debug\Exceptions->errorHandler(2, 'foreach() argument must be of type array|object, null given', 'C:\\xampp_8\\htdocs\\futsal\\app\\Views\\admin\\transaksi_index.php', 47)
 2 SYSTEMPATH\View\View.php(224): include('C:\\xampp_8\\htdocs\\futsal\\app\\Views\\admin\\transaksi_index.php')
 3 SYSTEMPATH\View\View.php(227): CodeIgniter\View\View->CodeIgniter\View\{closure}()
 4 SYSTEMPATH\Common.php(1173): CodeIgniter\View\View->render('admin/transaksi_index', [], true)
 5 APPPATH\Controllers\Transaksi.php(19): view('admin/transaksi_index', [...])
 6 SYSTEMPATH\CodeIgniter.php(933): App\Controllers\Transaksi->index()
 7 SYSTEMPATH\CodeIgniter.php(507): CodeIgniter\CodeIgniter->runController(Object(App\Controllers\Transaksi))
 8 SYSTEMPATH\CodeIgniter.php(354): CodeIgniter\CodeIgniter->handleRequest(null, Object(Config\Cache), false)
 9 SYSTEMPATH\Boot.php(334): CodeIgniter\CodeIgniter->run()
10 SYSTEMPATH\Boot.php(67): CodeIgniter\Boot::runCodeIgniter(Object(CodeIgniter\CodeIgniter))
11 FCPATH\index.php(56): CodeIgniter\Boot::bootWeb(Object(Config\Paths))
DEBUG - 2025-01-31 03:31:07 --> Session: Class initialized using 'CodeIgniter\Session\Handlers\FileHandler' driver.
CRITICAL - 2025-01-31 03:31:07 --> ErrorException: Undefined property: stdClass::$pelanggan_nama
[Method: GET, Route: admin/transaksi]
in APPPATH\Views\admin\transaksi_index.php on line 49.
 1 APPPATH\Views\admin\transaksi_index.php(49): CodeIgniter\Debug\Exceptions->errorHandler(2, 'Undefined property: stdClass::$pelanggan_nama', 'C:\\xampp_8\\htdocs\\futsal\\app\\Views\\admin\\transaksi_index.php', 49)
 2 SYSTEMPATH\View\View.php(224): include('C:\\xampp_8\\htdocs\\futsal\\app\\Views\\admin\\transaksi_index.php')
 3 SYSTEMPATH\View\View.php(227): CodeIgniter\View\View->CodeIgniter\View\{closure}()
 4 SYSTEMPATH\Common.php(1173): CodeIgniter\View\View->render('admin/transaksi_index', [], true)
 5 APPPATH\Controllers\Transaksi.php(19): view('admin/transaksi_index', [...])
 6 SYSTEMPATH\CodeIgniter.php(933): App\Controllers\Transaksi->index()
 7 SYSTEMPATH\CodeIgniter.php(507): CodeIgniter\CodeIgniter->runController(Object(App\Controllers\Transaksi))
 8 SYSTEMPATH\CodeIgniter.php(354): CodeIgniter\CodeIgniter->handleRequest(null, Object(Config\Cache), false)
 9 SYSTEMPATH\Boot.php(334): CodeIgniter\CodeIgniter->run()
10 SYSTEMPATH\Boot.php(67): CodeIgniter\Boot::runCodeIgniter(Object(CodeIgniter\CodeIgniter))
11 FCPATH\index.php(56): CodeIgniter\Boot::bootWeb(Object(Config\Paths))
DEBUG - 2025-01-31 03:31:40 --> Session: Class initialized using 'CodeIgniter\Session\Handlers\FileHandler' driver.
DEBUG - 2025-01-31 03:32:04 --> Session: Class initialized using 'CodeIgniter\Session\Handlers\FileHandler' driver.
DEBUG - 2025-01-31 03:32:25 --> Session: Class initialized using 'CodeIgniter\Session\Handlers\FileHandler' driver.
DEBUG - 2025-01-31 03:32:27 --> Session: Class initialized using 'CodeIgniter\Session\Handlers\FileHandler' driver.
ERROR - 2025-01-31 03:33:10 --> mysqli_sql_exception: Column 'transaksi_id' in group statement is ambiguous in C:\xampp_8\htdocs\futsal\vendor\codeigniter4\framework\system\Database\MySQLi\Connection.php:327
Stack trace:
#0 C:\xampp_8\htdocs\futsal\vendor\codeigniter4\framework\system\Database\MySQLi\Connection.php(327): mysqli->query('SELECT *\nFROM `...', 0)
#1 C:\xampp_8\htdocs\futsal\vendor\codeigniter4\framework\system\Database\BaseConnection.php(738): CodeIgniter\Database\MySQLi\Connection->execute('SELECT *\nFROM `...')
#2 C:\xampp_8\htdocs\futsal\vendor\codeigniter4\framework\system\Database\BaseConnection.php(652): CodeIgniter\Database\BaseConnection->simpleQuery('SELECT *\nFROM `...')
#3 C:\xampp_8\htdocs\futsal\vendor\codeigniter4\framework\system\Database\BaseBuilder.php(1649): CodeIgniter\Database\BaseConnection->query('SELECT *\nFROM `...', Array, false)
#4 C:\xampp_8\htdocs\futsal\vendor\codeigniter4\framework\system\Model.php(213): CodeIgniter\Database\BaseBuilder->get()
#5 C:\xampp_8\htdocs\futsal\vendor\codeigniter4\framework\system\BaseModel.php(609): CodeIgniter\Model->doFind(false, NULL)
#6 C:\xampp_8\htdocs\futsal\app\Models\TransaksiModel.php(72): CodeIgniter\BaseModel->find()
#7 C:\xampp_8\htdocs\futsal\app\Controllers\Transaksi.php(17): App\Models\TransaksiModel->getAll()
#8 C:\xampp_8\htdocs\futsal\vendor\codeigniter4\framework\system\CodeIgniter.php(933): App\Controllers\Transaksi->index()
#9 C:\xampp_8\htdocs\futsal\vendor\codeigniter4\framework\system\CodeIgniter.php(507): CodeIgniter\CodeIgniter->runController(Object(App\Controllers\Transaksi))
#10 C:\xampp_8\htdocs\futsal\vendor\codeigniter4\framework\system\CodeIgniter.php(354): CodeIgniter\CodeIgniter->handleRequest(NULL, Object(Config\Cache), false)
#11 C:\xampp_8\htdocs\futsal\vendor\codeigniter4\framework\system\Boot.php(334): CodeIgniter\CodeIgniter->run()
#12 C:\xampp_8\htdocs\futsal\vendor\codeigniter4\framework\system\Boot.php(67): CodeIgniter\Boot::runCodeIgniter(Object(CodeIgniter\CodeIgniter))
#13 C:\xampp_8\htdocs\futsal\index.php(56): CodeIgniter\Boot::bootWeb(Object(Config\Paths))
#14 {main}
CRITICAL - 2025-01-31 03:33:10 --> CodeIgniter\Database\Exceptions\DatabaseException: Column 'transaksi_id' in group statement is ambiguous
[Method: GET, Route: admin/transaksi]
in SYSTEMPATH\Database\BaseConnection.php on line 692.
 1 SYSTEMPATH\Database\BaseBuilder.php(1649): CodeIgniter\Database\BaseConnection->query('SELECT *
FROM `transaksi`
JOIN `pelanggan` ON `pelanggan`.`pelanggan_id` = `transaksi`.`pelanggan_id`
JOIN `jadwal` ON `jadwal`.`transaksi_id` = `transaksi`.`transaksi_id`
GROUP BY `transaksi_id`
ORDER BY `tanggal_pesan` DESC', [], false)
 2 SYSTEMPATH\Model.php(213): CodeIgniter\Database\BaseBuilder->get()
 3 SYSTEMPATH\BaseModel.php(609): CodeIgniter\Model->doFind(false, null)
 4 APPPATH\Models\TransaksiModel.php(72): CodeIgniter\BaseModel->find()
 5 APPPATH\Controllers\Transaksi.php(17): App\Models\TransaksiModel->getAll()
 6 SYSTEMPATH\CodeIgniter.php(933): App\Controllers\Transaksi->index()
 7 SYSTEMPATH\CodeIgniter.php(507): CodeIgniter\CodeIgniter->runController(Object(App\Controllers\Transaksi))
 8 SYSTEMPATH\CodeIgniter.php(354): CodeIgniter\CodeIgniter->handleRequest(null, Object(Config\Cache), false)
 9 SYSTEMPATH\Boot.php(334): CodeIgniter\CodeIgniter->run()
10 SYSTEMPATH\Boot.php(67): CodeIgniter\Boot::runCodeIgniter(Object(CodeIgniter\CodeIgniter))
11 FCPATH\index.php(56): CodeIgniter\Boot::bootWeb(Object(Config\Paths))
CRITICAL - 2025-01-31 03:33:10 --> [Caused by] CodeIgniter\Database\Exceptions\DatabaseException: Column 'transaksi_id' in group statement is ambiguous
in SYSTEMPATH\Database\MySQLi\Connection.php on line 332.
 1 SYSTEMPATH\Database\BaseConnection.php(738): CodeIgniter\Database\MySQLi\Connection->execute('SELECT *
FROM `transaksi`
JOIN `pelanggan` ON `pelanggan`.`pelanggan_id` = `transaksi`.`pelanggan_id`
JOIN `jadwal` ON `jadwal`.`transaksi_id` = `transaksi`.`transaksi_id`
GROUP BY `transaksi_id`
ORDER BY `tanggal_pesan` DESC')
 2 SYSTEMPATH\Database\BaseConnection.php(652): CodeIgniter\Database\BaseConnection->simpleQuery('SELECT *
FROM `transaksi`
JOIN `pelanggan` ON `pelanggan`.`pelanggan_id` = `transaksi`.`pelanggan_id`
JOIN `jadwal` ON `jadwal`.`transaksi_id` = `transaksi`.`transaksi_id`
GROUP BY `transaksi_id`
ORDER BY `tanggal_pesan` DESC')
 3 SYSTEMPATH\Database\BaseBuilder.php(1649): CodeIgniter\Database\BaseConnection->query('SELECT *
FROM `transaksi`
JOIN `pelanggan` ON `pelanggan`.`pelanggan_id` = `transaksi`.`pelanggan_id`
JOIN `jadwal` ON `jadwal`.`transaksi_id` = `transaksi`.`transaksi_id`
GROUP BY `transaksi_id`
ORDER BY `tanggal_pesan` DESC', [], false)
 4 SYSTEMPATH\Model.php(213): CodeIgniter\Database\BaseBuilder->get()
 5 SYSTEMPATH\BaseModel.php(609): CodeIgniter\Model->doFind(false, null)
 6 APPPATH\Models\TransaksiModel.php(72): CodeIgniter\BaseModel->find()
 7 APPPATH\Controllers\Transaksi.php(17): App\Models\TransaksiModel->getAll()
 8 SYSTEMPATH\CodeIgniter.php(933): App\Controllers\Transaksi->index()
 9 SYSTEMPATH\CodeIgniter.php(507): CodeIgniter\CodeIgniter->runController(Object(App\Controllers\Transaksi))
10 SYSTEMPATH\CodeIgniter.php(354): CodeIgniter\CodeIgniter->handleRequest(null, Object(Config\Cache), false)
11 SYSTEMPATH\Boot.php(334): CodeIgniter\CodeIgniter->run()
12 SYSTEMPATH\Boot.php(67): CodeIgniter\Boot::runCodeIgniter(Object(CodeIgniter\CodeIgniter))
13 FCPATH\index.php(56): CodeIgniter\Boot::bootWeb(Object(Config\Paths))
CRITICAL - 2025-01-31 03:33:10 --> [Caused by] mysqli_sql_exception: Column 'transaksi_id' in group statement is ambiguous
in SYSTEMPATH\Database\MySQLi\Connection.php on line 327.
 1 SYSTEMPATH\Database\MySQLi\Connection.php(327): mysqli->query('SELECT *
FROM `transaksi`
JOIN `pelanggan` ON `pelanggan`.`pelanggan_id` = `transaksi`.`pelanggan_id`
JOIN `jadwal` ON `jadwal`.`transaksi_id` = `transaksi`.`transaksi_id`
GROUP BY `transaksi_id`
ORDER BY `tanggal_pesan` DESC', 0)
 2 SYSTEMPATH\Database\BaseConnection.php(738): CodeIgniter\Database\MySQLi\Connection->execute('SELECT *
FROM `transaksi`
JOIN `pelanggan` ON `pelanggan`.`pelanggan_id` = `transaksi`.`pelanggan_id`
JOIN `jadwal` ON `jadwal`.`transaksi_id` = `transaksi`.`transaksi_id`
GROUP BY `transaksi_id`
ORDER BY `tanggal_pesan` DESC')
 3 SYSTEMPATH\Database\BaseConnection.php(652): CodeIgniter\Database\BaseConnection->simpleQuery('SELECT *
FROM `transaksi`
JOIN `pelanggan` ON `pelanggan`.`pelanggan_id` = `transaksi`.`pelanggan_id`
JOIN `jadwal` ON `jadwal`.`transaksi_id` = `transaksi`.`transaksi_id`
GROUP BY `transaksi_id`
ORDER BY `tanggal_pesan` DESC')
 4 SYSTEMPATH\Database\BaseBuilder.php(1649): CodeIgniter\Database\BaseConnection->query('SELECT *
FROM `transaksi`
JOIN `pelanggan` ON `pelanggan`.`pelanggan_id` = `transaksi`.`pelanggan_id`
JOIN `jadwal` ON `jadwal`.`transaksi_id` = `transaksi`.`transaksi_id`
GROUP BY `transaksi_id`
ORDER BY `tanggal_pesan` DESC', [], false)
 5 SYSTEMPATH\Model.php(213): CodeIgniter\Database\BaseBuilder->get()
 6 SYSTEMPATH\BaseModel.php(609): CodeIgniter\Model->doFind(false, null)
 7 APPPATH\Models\TransaksiModel.php(72): CodeIgniter\BaseModel->find()
 8 APPPATH\Controllers\Transaksi.php(17): App\Models\TransaksiModel->getAll()
 9 SYSTEMPATH\CodeIgniter.php(933): App\Controllers\Transaksi->index()
10 SYSTEMPATH\CodeIgniter.php(507): CodeIgniter\CodeIgniter->runController(Object(App\Controllers\Transaksi))
11 SYSTEMPATH\CodeIgniter.php(354): CodeIgniter\CodeIgniter->handleRequest(null, Object(Config\Cache), false)
12 SYSTEMPATH\Boot.php(334): CodeIgniter\CodeIgniter->run()
13 SYSTEMPATH\Boot.php(67): CodeIgniter\Boot::runCodeIgniter(Object(CodeIgniter\CodeIgniter))
14 FCPATH\index.php(56): CodeIgniter\Boot::bootWeb(Object(Config\Paths))
DEBUG - 2025-01-31 03:33:20 --> Session: Class initialized using 'CodeIgniter\Session\Handlers\FileHandler' driver.
DEBUG - 2025-01-31 03:34:01 --> Session: Class initialized using 'CodeIgniter\Session\Handlers\FileHandler' driver.
CRITICAL - 2025-01-31 03:34:01 --> ErrorException: Undefined property: stdClass::$jumlah
[Method: GET, Route: admin/transaksi]
in APPPATH\Views\admin\transaksi_index.php on line 51.
 1 APPPATH\Views\admin\transaksi_index.php(51): CodeIgniter\Debug\Exceptions->errorHandler(2, 'Undefined property: stdClass::$jumlah', 'C:\\xampp_8\\htdocs\\futsal\\app\\Views\\admin\\transaksi_index.php', 51)
 2 SYSTEMPATH\View\View.php(224): include('C:\\xampp_8\\htdocs\\futsal\\app\\Views\\admin\\transaksi_index.php')
 3 SYSTEMPATH\View\View.php(227): CodeIgniter\View\View->CodeIgniter\View\{closure}()
 4 SYSTEMPATH\Common.php(1173): CodeIgniter\View\View->render('admin/transaksi_index', [], true)
 5 APPPATH\Controllers\Transaksi.php(19): view('admin/transaksi_index', [...])
 6 SYSTEMPATH\CodeIgniter.php(933): App\Controllers\Transaksi->index()
 7 SYSTEMPATH\CodeIgniter.php(507): CodeIgniter\CodeIgniter->runController(Object(App\Controllers\Transaksi))
 8 SYSTEMPATH\CodeIgniter.php(354): CodeIgniter\CodeIgniter->handleRequest(null, Object(Config\Cache), false)
 9 SYSTEMPATH\Boot.php(334): CodeIgniter\CodeIgniter->run()
10 SYSTEMPATH\Boot.php(67): CodeIgniter\Boot::runCodeIgniter(Object(CodeIgniter\CodeIgniter))
11 FCPATH\index.php(56): CodeIgniter\Boot::bootWeb(Object(Config\Paths))
DEBUG - 2025-01-31 03:34:10 --> Session: Class initialized using 'CodeIgniter\Session\Handlers\FileHandler' driver.
DEBUG - 2025-01-31 03:34:47 --> Session: Class initialized using 'CodeIgniter\Session\Handlers\FileHandler' driver.
DEBUG - 2025-01-31 03:34:57 --> Session: Class initialized using 'CodeIgniter\Session\Handlers\FileHandler' driver.
DEBUG - 2025-01-31 03:35:43 --> Session: Class initialized using 'CodeIgniter\Session\Handlers\FileHandler' driver.
DEBUG - 2025-01-31 03:36:53 --> Session: Class initialized using 'CodeIgniter\Session\Handlers\FileHandler' driver.
DEBUG - 2025-01-31 03:37:25 --> Session: Class initialized using 'CodeIgniter\Session\Handlers\FileHandler' driver.
DEBUG - 2025-01-31 03:37:55 --> Session: Class initialized using 'CodeIgniter\Session\Handlers\FileHandler' driver.
DEBUG - 2025-01-31 03:38:15 --> Session: Class initialized using 'CodeIgniter\Session\Handlers\FileHandler' driver.
DEBUG - 2025-01-31 03:38:30 --> Session: Class initialized using 'CodeIgniter\Session\Handlers\FileHandler' driver.
DEBUG - 2025-01-31 03:38:46 --> Session: Class initialized using 'CodeIgniter\Session\Handlers\FileHandler' driver.
DEBUG - 2025-01-31 03:39:01 --> Session: Class initialized using 'CodeIgniter\Session\Handlers\FileHandler' driver.
DEBUG - 2025-01-31 03:39:16 --> Session: Class initialized using 'CodeIgniter\Session\Handlers\FileHandler' driver.
DEBUG - 2025-01-31 03:39:26 --> Session: Class initialized using 'CodeIgniter\Session\Handlers\FileHandler' driver.
DEBUG - 2025-01-31 03:39:33 --> Session: Class initialized using 'CodeIgniter\Session\Handlers\FileHandler' driver.
DEBUG - 2025-01-31 04:57:06 --> Session: Class initialized using 'CodeIgniter\Session\Handlers\FileHandler' driver.
CRITICAL - 2025-01-31 06:04:56 --> ErrorException: Undefined property: stdClass::$pelanggan_nama
[Method: GET, Route: admin/transaksi/7]
in APPPATH\Views\admin\transaksi_detail.php on line 25.
 1 APPPATH\Views\admin\transaksi_detail.php(25): CodeIgniter\Debug\Exceptions->errorHandler(2, 'Undefined property: stdClass::$pelanggan_nama', 'C:\\xampp_8\\htdocs\\futsal\\app\\Views\\admin\\transaksi_detail.php', 25)
 2 SYSTEMPATH\View\View.php(224): include('C:\\xampp_8\\htdocs\\futsal\\app\\Views\\admin\\transaksi_detail.php')
 3 SYSTEMPATH\View\View.php(227): CodeIgniter\View\View->CodeIgniter\View\{closure}()
 4 SYSTEMPATH\Common.php(1173): CodeIgniter\View\View->render('admin/transaksi_detail', [], true)
 5 APPPATH\Controllers\Transaksi.php(30): view('admin/transaksi_detail', [...])
 6 SYSTEMPATH\CodeIgniter.php(933): App\Controllers\Transaksi->jadwal('7')
 7 SYSTEMPATH\CodeIgniter.php(507): CodeIgniter\CodeIgniter->runController(Object(App\Controllers\Transaksi))
 8 SYSTEMPATH\CodeIgniter.php(354): CodeIgniter\CodeIgniter->handleRequest(null, Object(Config\Cache), false)
 9 SYSTEMPATH\Boot.php(334): CodeIgniter\CodeIgniter->run()
10 SYSTEMPATH\Boot.php(67): CodeIgniter\Boot::runCodeIgniter(Object(CodeIgniter\CodeIgniter))
11 FCPATH\index.php(56): CodeIgniter\Boot::bootWeb(Object(Config\Paths))
ERROR - 2025-01-31 06:06:19 --> mysqli_sql_exception: Column 'pelanggan_id' in where clause is ambiguous in C:\xampp_8\htdocs\futsal\vendor\codeigniter4\framework\system\Database\MySQLi\Connection.php:327
Stack trace:
#0 C:\xampp_8\htdocs\futsal\vendor\codeigniter4\framework\system\Database\MySQLi\Connection.php(327): mysqli->query('SELECT *\nFROM `...', 0)
#1 C:\xampp_8\htdocs\futsal\vendor\codeigniter4\framework\system\Database\BaseConnection.php(738): CodeIgniter\Database\MySQLi\Connection->execute('SELECT *\nFROM `...')
#2 C:\xampp_8\htdocs\futsal\vendor\codeigniter4\framework\system\Database\BaseConnection.php(652): CodeIgniter\Database\BaseConnection->simpleQuery('SELECT *\nFROM `...')
#3 C:\xampp_8\htdocs\futsal\vendor\codeigniter4\framework\system\Database\BaseBuilder.php(1649): CodeIgniter\Database\BaseConnection->query('SELECT *\nFROM `...', Array, false)
#4 C:\xampp_8\htdocs\futsal\vendor\codeigniter4\framework\system\Model.php(330): CodeIgniter\Database\BaseBuilder->get()
#5 C:\xampp_8\htdocs\futsal\vendor\codeigniter4\framework\system\BaseModel.php(713): CodeIgniter\Model->doFirst()
#6 C:\xampp_8\htdocs\futsal\app\Models\TransaksiModel.php(70): CodeIgniter\BaseModel->first()
#7 C:\xampp_8\htdocs\futsal\app\Controllers\Transaksi.php(27): App\Models\TransaksiModel->getSingle('7')
#8 C:\xampp_8\htdocs\futsal\vendor\codeigniter4\framework\system\CodeIgniter.php(933): App\Controllers\Transaksi->jadwal('7')
#9 C:\xampp_8\htdocs\futsal\vendor\codeigniter4\framework\system\CodeIgniter.php(507): CodeIgniter\CodeIgniter->runController(Object(App\Controllers\Transaksi))
#10 C:\xampp_8\htdocs\futsal\vendor\codeigniter4\framework\system\CodeIgniter.php(354): CodeIgniter\CodeIgniter->handleRequest(NULL, Object(Config\Cache), false)
#11 C:\xampp_8\htdocs\futsal\vendor\codeigniter4\framework\system\Boot.php(334): CodeIgniter\CodeIgniter->run()
#12 C:\xampp_8\htdocs\futsal\vendor\codeigniter4\framework\system\Boot.php(67): CodeIgniter\Boot::runCodeIgniter(Object(CodeIgniter\CodeIgniter))
#13 C:\xampp_8\htdocs\futsal\index.php(56): CodeIgniter\Boot::bootWeb(Object(Config\Paths))
#14 {main}
CRITICAL - 2025-01-31 06:06:19 --> CodeIgniter\Database\Exceptions\DatabaseException: Column 'pelanggan_id' in where clause is ambiguous
[Method: GET, Route: admin/transaksi/7]
in SYSTEMPATH\Database\BaseConnection.php on line 692.
 1 SYSTEMPATH\Database\BaseBuilder.php(1649): CodeIgniter\Database\BaseConnection->query('SELECT *
FROM `transaksi`
JOIN `pelanggan` ON `pelanggan`.`pelanggan_id` = `transaksi`.`pelanggan_id`
WHERE `pelanggan_id` = :pelanggan_id:
 LIMIT 1', [...], false)
 2 SYSTEMPATH\Model.php(330): CodeIgniter\Database\BaseBuilder->get()
 3 SYSTEMPATH\BaseModel.php(713): CodeIgniter\Model->doFirst()
 4 APPPATH\Models\TransaksiModel.php(70): CodeIgniter\BaseModel->first()
 5 APPPATH\Controllers\Transaksi.php(27): App\Models\TransaksiModel->getSingle('7')
 6 SYSTEMPATH\CodeIgniter.php(933): App\Controllers\Transaksi->jadwal('7')
 7 SYSTEMPATH\CodeIgniter.php(507): CodeIgniter\CodeIgniter->runController(Object(App\Controllers\Transaksi))
 8 SYSTEMPATH\CodeIgniter.php(354): CodeIgniter\CodeIgniter->handleRequest(null, Object(Config\Cache), false)
 9 SYSTEMPATH\Boot.php(334): CodeIgniter\CodeIgniter->run()
10 SYSTEMPATH\Boot.php(67): CodeIgniter\Boot::runCodeIgniter(Object(CodeIgniter\CodeIgniter))
11 FCPATH\index.php(56): CodeIgniter\Boot::bootWeb(Object(Config\Paths))
CRITICAL - 2025-01-31 06:06:19 --> [Caused by] CodeIgniter\Database\Exceptions\DatabaseException: Column 'pelanggan_id' in where clause is ambiguous
in SYSTEMPATH\Database\MySQLi\Connection.php on line 332.
 1 SYSTEMPATH\Database\BaseConnection.php(738): CodeIgniter\Database\MySQLi\Connection->execute('SELECT *
FROM `transaksi`
JOIN `pelanggan` ON `pelanggan`.`pelanggan_id` = `transaksi`.`pelanggan_id`
WHERE `pelanggan_id` = \'7\'
 LIMIT 1')
 2 SYSTEMPATH\Database\BaseConnection.php(652): CodeIgniter\Database\BaseConnection->simpleQuery('SELECT *
FROM `transaksi`
JOIN `pelanggan` ON `pelanggan`.`pelanggan_id` = `transaksi`.`pelanggan_id`
WHERE `pelanggan_id` = \'7\'
 LIMIT 1')
 3 SYSTEMPATH\Database\BaseBuilder.php(1649): CodeIgniter\Database\BaseConnection->query('SELECT *
FROM `transaksi`
JOIN `pelanggan` ON `pelanggan`.`pelanggan_id` = `transaksi`.`pelanggan_id`
WHERE `pelanggan_id` = :pelanggan_id:
 LIMIT 1', [...], false)
 4 SYSTEMPATH\Model.php(330): CodeIgniter\Database\BaseBuilder->get()
 5 SYSTEMPATH\BaseModel.php(713): CodeIgniter\Model->doFirst()
 6 APPPATH\Models\TransaksiModel.php(70): CodeIgniter\BaseModel->first()
 7 APPPATH\Controllers\Transaksi.php(27): App\Models\TransaksiModel->getSingle('7')
 8 SYSTEMPATH\CodeIgniter.php(933): App\Controllers\Transaksi->jadwal('7')
 9 SYSTEMPATH\CodeIgniter.php(507): CodeIgniter\CodeIgniter->runController(Object(App\Controllers\Transaksi))
10 SYSTEMPATH\CodeIgniter.php(354): CodeIgniter\CodeIgniter->handleRequest(null, Object(Config\Cache), false)
11 SYSTEMPATH\Boot.php(334): CodeIgniter\CodeIgniter->run()
12 SYSTEMPATH\Boot.php(67): CodeIgniter\Boot::runCodeIgniter(Object(CodeIgniter\CodeIgniter))
13 FCPATH\index.php(56): CodeIgniter\Boot::bootWeb(Object(Config\Paths))
CRITICAL - 2025-01-31 06:06:19 --> [Caused by] mysqli_sql_exception: Column 'pelanggan_id' in where clause is ambiguous
in SYSTEMPATH\Database\MySQLi\Connection.php on line 327.
 1 SYSTEMPATH\Database\MySQLi\Connection.php(327): mysqli->query('SELECT *
FROM `transaksi`
JOIN `pelanggan` ON `pelanggan`.`pelanggan_id` = `transaksi`.`pelanggan_id`
WHERE `pelanggan_id` = \'7\'
 LIMIT 1', 0)
 2 SYSTEMPATH\Database\BaseConnection.php(738): CodeIgniter\Database\MySQLi\Connection->execute('SELECT *
FROM `transaksi`
JOIN `pelanggan` ON `pelanggan`.`pelanggan_id` = `transaksi`.`pelanggan_id`
WHERE `pelanggan_id` = \'7\'
 LIMIT 1')
 3 SYSTEMPATH\Database\BaseConnection.php(652): CodeIgniter\Database\BaseConnection->simpleQuery('SELECT *
FROM `transaksi`
JOIN `pelanggan` ON `pelanggan`.`pelanggan_id` = `transaksi`.`pelanggan_id`
WHERE `pelanggan_id` = \'7\'
 LIMIT 1')
 4 SYSTEMPATH\Database\BaseBuilder.php(1649): CodeIgniter\Database\BaseConnection->query('SELECT *
FROM `transaksi`
JOIN `pelanggan` ON `pelanggan`.`pelanggan_id` = `transaksi`.`pelanggan_id`
WHERE `pelanggan_id` = :pelanggan_id:
 LIMIT 1', [...], false)
 5 SYSTEMPATH\Model.php(330): CodeIgniter\Database\BaseBuilder->get()
 6 SYSTEMPATH\BaseModel.php(713): CodeIgniter\Model->doFirst()
 7 APPPATH\Models\TransaksiModel.php(70): CodeIgniter\BaseModel->first()
 8 APPPATH\Controllers\Transaksi.php(27): App\Models\TransaksiModel->getSingle('7')
 9 SYSTEMPATH\CodeIgniter.php(933): App\Controllers\Transaksi->jadwal('7')
10 SYSTEMPATH\CodeIgniter.php(507): CodeIgniter\CodeIgniter->runController(Object(App\Controllers\Transaksi))
11 SYSTEMPATH\CodeIgniter.php(354): CodeIgniter\CodeIgniter->handleRequest(null, Object(Config\Cache), false)
12 SYSTEMPATH\Boot.php(334): CodeIgniter\CodeIgniter->run()
13 SYSTEMPATH\Boot.php(67): CodeIgniter\Boot::runCodeIgniter(Object(CodeIgniter\CodeIgniter))
14 FCPATH\index.php(56): CodeIgniter\Boot::bootWeb(Object(Config\Paths))
DEBUG - 2025-01-31 06:06:37 --> Session: Class initialized using 'CodeIgniter\Session\Handlers\FileHandler' driver.
DEBUG - 2025-01-31 06:09:54 --> Session: Class initialized using 'CodeIgniter\Session\Handlers\FileHandler' driver.
DEBUG - 2025-01-31 06:11:05 --> Session: Class initialized using 'CodeIgniter\Session\Handlers\FileHandler' driver.
DEBUG - 2025-01-31 06:12:06 --> Session: Class initialized using 'CodeIgniter\Session\Handlers\FileHandler' driver.
DEBUG - 2025-01-31 06:12:37 --> Session: Class initialized using 'CodeIgniter\Session\Handlers\FileHandler' driver.
DEBUG - 2025-01-31 06:14:05 --> Session: Class initialized using 'CodeIgniter\Session\Handlers\FileHandler' driver.
DEBUG - 2025-01-31 06:14:06 --> Session: Class initialized using 'CodeIgniter\Session\Handlers\FileHandler' driver.
DEBUG - 2025-01-31 06:14:08 --> Session: Class initialized using 'CodeIgniter\Session\Handlers\FileHandler' driver.
DEBUG - 2025-01-31 06:14:12 --> Session: Class initialized using 'CodeIgniter\Session\Handlers\FileHandler' driver.
DEBUG - 2025-01-31 06:14:13 --> Session: Class initialized using 'CodeIgniter\Session\Handlers\FileHandler' driver.
DEBUG - 2025-01-31 12:35:43 --> Session: Class initialized using 'CodeIgniter\Session\Handlers\FileHandler' driver.
